<?xml version="1.0" encoding="UTF-8"?>
<!-- Generated by org.testng.reporters.JUnitXMLReporter -->
<testsuite hostname="NACTS-081729" name="FirefoxTest" tests="89" failures="0" timestamp="5 Jan 2017 00:19:53 GMT" time="2.1" errors="0">
  <testcase name="@BeforeMethod setUp" time="0.0" classname="automationFramework.TestCases.CreateCustomerTest">
    <failure type="java.lang.NullPointerException">
      <![CDATA[java.lang.NullPointerException
	at automationFramework.TestCases.CreateCustomerTest.setUp(CreateCustomerTest.java:40)
... Removed 26 stack frames]]>
    </failure>
  </testcase> <!-- @BeforeMethod setUp -->
  <testcase name="@AfterMethod tearDown" time="0.0" classname="automationFramework.TestCases.CreateCustomerTest">
    <skipped/>
  </testcase> <!-- @AfterMethod tearDown -->
  <testcase name="@BeforeMethod setUp" time="0.0" classname="automationFramework.TestCases.CreateCustomerDBTest">
    <failure type="java.lang.NullPointerException">
      <![CDATA[java.lang.NullPointerException
	at automationFramework.TestCases.CreateCustomerDBTest.setUp(CreateCustomerDBTest.java:44)
... Removed 26 stack frames]]>
    </failure>
  </testcase> <!-- @BeforeMethod setUp -->
  <testcase name="@AfterMethod tearDown" time="0.0" classname="automationFramework.TestCases.CreateCustomerDBTest">
    <skipped/>
  </testcase> <!-- @AfterMethod tearDown -->
  <testcase name="@BeforeMethod setUp" time="0.0" classname="automationFramework.TestCases.CreateCustomerTest">
    <skipped/>
  </testcase> <!-- @BeforeMethod setUp -->
  <testcase name="@AfterMethod tearDown" time="0.0" classname="automationFramework.TestCases.CreateCustomerTest">
    <skipped/>
  </testcase> <!-- @AfterMethod tearDown -->
  <testcase name="@BeforeMethod setUp" time="0.0" classname="automationFramework.TestCases.CreateCustomerDBTest">
    <skipped/>
  </testcase> <!-- @BeforeMethod setUp -->
  <testcase name="@AfterMethod tearDown" time="0.0" classname="automationFramework.TestCases.CreateCustomerDBTest">
    <skipped/>
  </testcase> <!-- @AfterMethod tearDown -->
  <testcase name="@BeforeMethod setUp" time="0.0" classname="automationFramework.TestCases.CreateCustomerTest">
    <skipped/>
  </testcase> <!-- @BeforeMethod setUp -->
  <testcase name="@AfterMethod tearDown" time="0.0" classname="automationFramework.TestCases.CreateCustomerTest">
    <skipped/>
  </testcase> <!-- @AfterMethod tearDown -->
  <testcase name="@BeforeMethod setUp" time="0.0" classname="automationFramework.TestCases.CreateCustomerDBTest">
    <skipped/>
  </testcase> <!-- @BeforeMethod setUp -->
  <testcase name="@AfterMethod tearDown" time="0.0" classname="automationFramework.TestCases.CreateCustomerDBTest">
    <skipped/>
  </testcase> <!-- @AfterMethod tearDown -->
  <testcase name="@BeforeMethod setUp" time="0.0" classname="automationFramework.TestCases.CreateCustomerTest">
    <skipped/>
  </testcase> <!-- @BeforeMethod setUp -->
  <testcase name="@AfterMethod tearDown" time="0.0" classname="automationFramework.TestCases.CreateCustomerTest">
    <skipped/>
  </testcase> <!-- @AfterMethod tearDown -->
  <testcase name="@BeforeMethod setUp" time="0.0" classname="automationFramework.TestCases.CreateCustomerDBTest">
    <skipped/>
  </testcase> <!-- @BeforeMethod setUp -->
  <testcase name="@AfterMethod tearDown" time="0.0" classname="automationFramework.TestCases.CreateCustomerDBTest">
    <skipped/>
  </testcase> <!-- @AfterMethod tearDown -->
  <testcase name="@BeforeMethod setUp" time="0.0" classname="automationFramework.TestCases.CreateCustomerTest">
    <skipped/>
  </testcase> <!-- @BeforeMethod setUp -->
  <testcase name="@AfterMethod tearDown" time="0.0" classname="automationFramework.TestCases.CreateCustomerTest">
    <skipped/>
  </testcase> <!-- @AfterMethod tearDown -->
  <testcase name="@BeforeMethod setUp" time="0.0" classname="automationFramework.TestCases.CreateCustomerDBTest">
    <skipped/>
  </testcase> <!-- @BeforeMethod setUp -->
  <testcase name="@AfterMethod tearDown" time="0.0" classname="automationFramework.TestCases.CreateCustomerDBTest">
    <skipped/>
  </testcase> <!-- @AfterMethod tearDown -->
  <testcase name="@BeforeMethod setUp" time="0.0" classname="automationFramework.TestCases.CreateCustomerTest">
    <skipped/>
  </testcase> <!-- @BeforeMethod setUp -->
  <testcase name="@AfterMethod tearDown" time="0.0" classname="automationFramework.TestCases.CreateCustomerTest">
    <skipped/>
  </testcase> <!-- @AfterMethod tearDown -->
  <testcase name="@BeforeMethod setUp" time="0.0" classname="automationFramework.TestCases.CreateCustomerDBTest">
    <skipped/>
  </testcase> <!-- @BeforeMethod setUp -->
  <testcase name="@AfterMethod tearDown" time="0.0" classname="automationFramework.TestCases.CreateCustomerDBTest">
    <skipped/>
  </testcase> <!-- @AfterMethod tearDown -->
  <testcase name="@BeforeMethod setUp" time="0.0" classname="automationFramework.TestCases.CreateCustomerTest">
    <skipped/>
  </testcase> <!-- @BeforeMethod setUp -->
  <testcase name="@AfterMethod tearDown" time="0.0" classname="automationFramework.TestCases.CreateCustomerTest">
    <skipped/>
  </testcase> <!-- @AfterMethod tearDown -->
  <testcase name="@BeforeMethod setUp" time="0.0" classname="automationFramework.TestCases.CreateCustomerTest">
    <skipped/>
  </testcase> <!-- @BeforeMethod setUp -->
  <testcase name="@AfterMethod tearDown" time="0.0" classname="automationFramework.TestCases.CreateCustomerTest">
    <skipped/>
  </testcase> <!-- @AfterMethod tearDown -->
  <testcase name="@BeforeMethod setUp" time="0.0" classname="automationFramework.TestCases.CreateCustomerTest">
    <skipped/>
  </testcase> <!-- @BeforeMethod setUp -->
  <testcase name="@AfterMethod tearDown" time="0.0" classname="automationFramework.TestCases.CreateCustomerTest">
    <skipped/>
  </testcase> <!-- @AfterMethod tearDown -->
  <testcase name="@BeforeMethod setUp" time="0.0" classname="automationFramework.TestCases.CreateCustomerTest">
    <skipped/>
  </testcase> <!-- @BeforeMethod setUp -->
  <testcase name="@AfterMethod tearDown" time="0.0" classname="automationFramework.TestCases.CreateCustomerTest">
    <skipped/>
  </testcase> <!-- @AfterMethod tearDown -->
  <testcase name="@BeforeMethod setUp" time="0.0" classname="automationFramework.TestCases.CreateCustomerTest">
    <skipped/>
  </testcase> <!-- @BeforeMethod setUp -->
  <testcase name="@AfterMethod tearDown" time="0.0" classname="automationFramework.TestCases.CreateCustomerTest">
    <skipped/>
  </testcase> <!-- @AfterMethod tearDown -->
  <testcase name="@BeforeMethod setUp" time="0.0" classname="automationFramework.TestCases.CreateCustomerTest">
    <skipped/>
  </testcase> <!-- @BeforeMethod setUp -->
  <testcase name="@AfterMethod tearDown" time="0.0" classname="automationFramework.TestCases.CreateCustomerTest">
    <skipped/>
  </testcase> <!-- @AfterMethod tearDown -->
  <testcase name="@BeforeMethod setUp" time="0.0" classname="automationFramework.TestCases.SearchTest">
    <failure type="java.lang.NullPointerException">
      <![CDATA[java.lang.NullPointerException
	at automationFramework.TestCases.SearchTest.setUp(SearchTest.java:41)
... Removed 26 stack frames]]>
    </failure>
  </testcase> <!-- @BeforeMethod setUp -->
  <testcase name="@AfterMethod tearDown" time="0.0" classname="automationFramework.TestCases.SearchTest">
    <skipped/>
  </testcase> <!-- @AfterMethod tearDown -->
  <testcase name="@BeforeMethod setUp" time="0.0" classname="automationFramework.TestCases.EmailTest">
    <failure type="java.lang.NullPointerException">
      <![CDATA[java.lang.NullPointerException
	at automationFramework.TestCases.EmailTest.setUp(EmailTest.java:43)
... Removed 26 stack frames]]>
    </failure>
  </testcase> <!-- @BeforeMethod setUp -->
  <testcase name="@AfterMethod tearDown" time="0.0" classname="automationFramework.TestCases.EmailTest">
    <skipped/>
  </testcase> <!-- @AfterMethod tearDown -->
  <testcase name="@BeforeMethod setUp" time="0.0" classname="automationFramework.TestCases.SearchTest">
    <skipped/>
  </testcase> <!-- @BeforeMethod setUp -->
  <testcase name="@AfterMethod tearDown" time="0.0" classname="automationFramework.TestCases.SearchTest">
    <skipped/>
  </testcase> <!-- @AfterMethod tearDown -->
  <testcase name="@BeforeMethod setUp" time="0.0" classname="automationFramework.TestCases.SearchTest">
    <skipped/>
  </testcase> <!-- @BeforeMethod setUp -->
  <testcase name="@AfterMethod tearDown" time="0.0" classname="automationFramework.TestCases.SearchTest">
    <skipped/>
  </testcase> <!-- @AfterMethod tearDown -->
  <testcase name="@BeforeMethod setUp" time="0.0" classname="automationFramework.TestCases.SearchTest">
    <skipped/>
  </testcase> <!-- @BeforeMethod setUp -->
  <testcase name="@AfterMethod tearDown" time="0.0" classname="automationFramework.TestCases.SearchTest">
    <skipped/>
  </testcase> <!-- @AfterMethod tearDown -->
  <testcase name="@BeforeMethod setUp" time="0.0" classname="automationFramework.TestCases.SearchTest">
    <skipped/>
  </testcase> <!-- @BeforeMethod setUp -->
  <testcase name="@AfterMethod tearDown" time="0.0" classname="automationFramework.TestCases.SearchTest">
    <skipped/>
  </testcase> <!-- @AfterMethod tearDown -->
  <testcase name="@BeforeMethod setUp" time="0.0" classname="automationFramework.TestCases.SearchTest">
    <skipped/>
  </testcase> <!-- @BeforeMethod setUp -->
  <testcase name="@AfterMethod tearDown" time="0.0" classname="automationFramework.TestCases.SearchTest">
    <skipped/>
  </testcase> <!-- @AfterMethod tearDown -->
  <testcase name="@BeforeMethod setUp" time="0.0" classname="automationFramework.TestCases.SearchTest">
    <skipped/>
  </testcase> <!-- @BeforeMethod setUp -->
  <testcase name="@AfterMethod tearDown" time="0.0" classname="automationFramework.TestCases.SearchTest">
    <skipped/>
  </testcase> <!-- @AfterMethod tearDown -->
  <testcase name="@BeforeMethod setUp" time="0.0" classname="automationFramework.TestCases.SearchTest">
    <skipped/>
  </testcase> <!-- @BeforeMethod setUp -->
  <testcase name="@AfterMethod tearDown" time="0.0" classname="automationFramework.TestCases.SearchTest">
    <skipped/>
  </testcase> <!-- @AfterMethod tearDown -->
  <testcase name="@BeforeMethod setUp" time="0.0" classname="automationFramework.TestCases.SearchTest">
    <skipped/>
  </testcase> <!-- @BeforeMethod setUp -->
  <testcase name="@AfterMethod tearDown" time="0.0" classname="automationFramework.TestCases.SearchTest">
    <skipped/>
  </testcase> <!-- @AfterMethod tearDown -->
  <testcase name="@BeforeMethod setUp" time="0.0" classname="automationFramework.TestCases.SearchTest">
    <skipped/>
  </testcase> <!-- @BeforeMethod setUp -->
  <testcase name="@AfterMethod tearDown" time="0.0" classname="automationFramework.TestCases.SearchTest">
    <skipped/>
  </testcase> <!-- @AfterMethod tearDown -->
  <testcase name="@BeforeMethod setUp" time="0.0" classname="automationFramework.TestCases.SearchTest">
    <skipped/>
  </testcase> <!-- @BeforeMethod setUp -->
  <testcase name="@AfterMethod tearDown" time="0.0" classname="automationFramework.TestCases.SearchTest">
    <skipped/>
  </testcase> <!-- @AfterMethod tearDown -->
  <testcase name="@BeforeMethod setUp" time="0.0" classname="automationFramework.TestCases.SearchTest">
    <skipped/>
  </testcase> <!-- @BeforeMethod setUp -->
  <testcase name="@AfterMethod tearDown" time="0.0" classname="automationFramework.TestCases.SearchTest">
    <skipped/>
  </testcase> <!-- @AfterMethod tearDown -->
  <testcase name="@BeforeMethod setUp" time="0.0" classname="automationFramework.TestCases.SearchTest">
    <skipped/>
  </testcase> <!-- @BeforeMethod setUp -->
  <testcase name="@AfterMethod tearDown" time="0.0" classname="automationFramework.TestCases.SearchTest">
    <skipped/>
  </testcase> <!-- @AfterMethod tearDown -->
  <testcase name="@BeforeMethod setUp" time="0.0" classname="automationFramework.TestCases.SearchTest">
    <skipped/>
  </testcase> <!-- @BeforeMethod setUp -->
  <testcase name="@AfterMethod tearDown" time="0.0" classname="automationFramework.TestCases.SearchTest">
    <skipped/>
  </testcase> <!-- @AfterMethod tearDown -->
  <testcase name="@BeforeMethod setUp" time="0.0" classname="automationFramework.TestCases.SearchTest">
    <skipped/>
  </testcase> <!-- @BeforeMethod setUp -->
  <testcase name="@AfterMethod tearDown" time="0.0" classname="automationFramework.TestCases.SearchTest">
    <skipped/>
  </testcase> <!-- @AfterMethod tearDown -->
  <testcase name="@BeforeMethod setUp" time="0.0" classname="automationFramework.TestCases.SearchTest">
    <skipped/>
  </testcase> <!-- @BeforeMethod setUp -->
  <testcase name="@AfterMethod tearDown" time="0.0" classname="automationFramework.TestCases.SearchTest">
    <skipped/>
  </testcase> <!-- @AfterMethod tearDown -->
  <testcase name="@BeforeMethod setUp" time="0.0" classname="automationFramework.TestCases.SearchTest">
    <skipped/>
  </testcase> <!-- @BeforeMethod setUp -->
  <testcase name="@AfterMethod tearDown" time="0.0" classname="automationFramework.TestCases.SearchTest">
    <skipped/>
  </testcase> <!-- @AfterMethod tearDown -->
  <testcase name="@BeforeMethod setUp" time="0.0" classname="automationFramework.TestCases.SearchTest">
    <skipped/>
  </testcase> <!-- @BeforeMethod setUp -->
  <testcase name="@AfterMethod tearDown" time="0.0" classname="automationFramework.TestCases.SearchTest">
    <skipped/>
  </testcase> <!-- @AfterMethod tearDown -->
  <testcase name="@BeforeMethod setUp" time="0.0" classname="automationFramework.TestCases.CreateFundingTest">
    <failure type="java.lang.NullPointerException">
      <![CDATA[java.lang.NullPointerException
	at automationFramework.TestCases.CreateFundingTest.setUp(CreateFundingTest.java:37)
... Removed 26 stack frames]]>
    </failure>
  </testcase> <!-- @BeforeMethod setUp -->
  <testcase name="@AfterMethod tearDown" time="0.0" classname="automationFramework.TestCases.CreateFundingTest">
    <skipped/>
  </testcase> <!-- @AfterMethod tearDown -->
  <testcase name="@BeforeMethod setUp" time="0.0" classname="automationFramework.TestCases.UpdateAddressTest">
    <failure type="java.lang.NullPointerException">
      <![CDATA[java.lang.NullPointerException
	at automationFramework.TestCases.UpdateAddressTest.setUp(UpdateAddressTest.java:33)
... Removed 26 stack frames]]>
    </failure>
  </testcase> <!-- @BeforeMethod setUp -->
  <testcase name="@AfterMethod tearDown" time="0.0" classname="automationFramework.TestCases.UpdateAddressTest">
    <skipped/>
  </testcase> <!-- @AfterMethod tearDown -->
  <testcase name="@BeforeMethod setUp" time="0.0" classname="automationFramework.TestCases.CreateFundingTest">
    <skipped/>
  </testcase> <!-- @BeforeMethod setUp -->
  <testcase name="@AfterMethod tearDown" time="0.0" classname="automationFramework.TestCases.CreateFundingTest">
    <skipped/>
  </testcase> <!-- @AfterMethod tearDown -->
  <testcase name="@BeforeMethod setUp" time="0.0" classname="automationFramework.TestCases.UpdateAddressTest">
    <skipped/>
  </testcase> <!-- @BeforeMethod setUp -->
  <testcase name="@AfterMethod tearDown" time="0.0" classname="automationFramework.TestCases.UpdateAddressTest">
    <skipped/>
  </testcase> <!-- @AfterMethod tearDown -->
  <testcase name="@BeforeMethod setUp" time="0.0" classname="automationFramework.TestCases.CreateFundingTest">
    <skipped/>
  </testcase> <!-- @BeforeMethod setUp -->
  <testcase name="@AfterMethod tearDown" time="0.0" classname="automationFramework.TestCases.CreateFundingTest">
    <skipped/>
  </testcase> <!-- @AfterMethod tearDown -->
  <testcase name="@BeforeMethod setUp" time="0.0" classname="automationFramework.TestCases.UpdateAddressTest">
    <skipped/>
  </testcase> <!-- @BeforeMethod setUp -->
  <testcase name="@AfterMethod tearDown" time="0.0" classname="automationFramework.TestCases.UpdateAddressTest">
    <skipped/>
  </testcase> <!-- @AfterMethod tearDown -->
  <testcase name="@BeforeMethod setUp" time="0.0" classname="automationFramework.TestCases.CreateFundingTest">
    <skipped/>
  </testcase> <!-- @BeforeMethod setUp -->
  <testcase name="@AfterMethod tearDown" time="0.0" classname="automationFramework.TestCases.CreateFundingTest">
    <skipped/>
  </testcase> <!-- @AfterMethod tearDown -->
  <testcase name="@BeforeMethod setUp" time="0.0" classname="automationFramework.TestCases.UpdateAddressTest">
    <skipped/>
  </testcase> <!-- @BeforeMethod setUp -->
  <testcase name="@AfterMethod tearDown" time="0.0" classname="automationFramework.TestCases.UpdateAddressTest">
    <skipped/>
  </testcase> <!-- @AfterMethod tearDown -->
  <testcase name="@BeforeMethod setUp" time="0.0" classname="automationFramework.TestCases.CreateFundingTest">
    <skipped/>
  </testcase> <!-- @BeforeMethod setUp -->
  <testcase name="@AfterMethod tearDown" time="0.0" classname="automationFramework.TestCases.CreateFundingTest">
    <skipped/>
  </testcase> <!-- @AfterMethod tearDown -->
  <testcase name="@BeforeMethod setUp" time="0.0" classname="automationFramework.TestCases.UpdateAddressTest">
    <skipped/>
  </testcase> <!-- @BeforeMethod setUp -->
  <testcase name="@AfterMethod tearDown" time="0.0" classname="automationFramework.TestCases.UpdateAddressTest">
    <skipped/>
  </testcase> <!-- @AfterMethod tearDown -->
  <testcase name="@BeforeMethod setUp" time="0.0" classname="automationFramework.TestCases.CreateFundingTest">
    <skipped/>
  </testcase> <!-- @BeforeMethod setUp -->
  <testcase name="@AfterMethod tearDown" time="0.0" classname="automationFramework.TestCases.CreateFundingTest">
    <skipped/>
  </testcase> <!-- @AfterMethod tearDown -->
  <testcase name="@BeforeMethod setUp" time="0.0" classname="automationFramework.TestCases.UpdateAddressTest">
    <skipped/>
  </testcase> <!-- @BeforeMethod setUp -->
  <testcase name="@AfterMethod tearDown" time="0.0" classname="automationFramework.TestCases.UpdateAddressTest">
    <skipped/>
  </testcase> <!-- @AfterMethod tearDown -->
  <testcase name="@BeforeMethod setUp" time="0.0" classname="automationFramework.TestCases.CreateFundingTest">
    <skipped/>
  </testcase> <!-- @BeforeMethod setUp -->
  <testcase name="@AfterMethod tearDown" time="0.0" classname="automationFramework.TestCases.CreateFundingTest">
    <skipped/>
  </testcase> <!-- @AfterMethod tearDown -->
  <testcase name="@BeforeMethod setUp" time="0.0" classname="automationFramework.TestCases.CreateFundingTest">
    <skipped/>
  </testcase> <!-- @BeforeMethod setUp -->
  <testcase name="@AfterMethod tearDown" time="0.0" classname="automationFramework.TestCases.CreateFundingTest">
    <skipped/>
  </testcase> <!-- @AfterMethod tearDown -->
  <testcase name="@BeforeMethod setUp" time="0.0" classname="automationFramework.TestCases.CreateFundingTest">
    <skipped/>
  </testcase> <!-- @BeforeMethod setUp -->
  <testcase name="@AfterMethod tearDown" time="0.0" classname="automationFramework.TestCases.CreateFundingTest">
    <skipped/>
  </testcase> <!-- @AfterMethod tearDown -->
  <testcase name="@BeforeMethod setUp" time="0.0" classname="automationFramework.TestCases.CreateFundingTest">
    <skipped/>
  </testcase> <!-- @BeforeMethod setUp -->
  <testcase name="@AfterMethod tearDown" time="0.0" classname="automationFramework.TestCases.CreateFundingTest">
    <skipped/>
  </testcase> <!-- @AfterMethod tearDown -->
  <testcase name="@BeforeMethod setUp" time="0.0" classname="automationFramework.TestCases.CreateFundingTest">
    <skipped/>
  </testcase> <!-- @BeforeMethod setUp -->
  <testcase name="@AfterMethod tearDown" time="0.0" classname="automationFramework.TestCases.CreateFundingTest">
    <skipped/>
  </testcase> <!-- @AfterMethod tearDown -->
  <testcase name="@BeforeMethod setUp" time="0.0" classname="automationFramework.TestCases.CreateFundingTest">
    <skipped/>
  </testcase> <!-- @BeforeMethod setUp -->
  <testcase name="@AfterMethod tearDown" time="0.0" classname="automationFramework.TestCases.CreateFundingTest">
    <skipped/>
  </testcase> <!-- @AfterMethod tearDown -->
  <testcase name="@BeforeMethod setUp" time="0.0" classname="automationFramework.TestCases.LinkAccountTest">
    <failure type="java.lang.NullPointerException">
      <![CDATA[java.lang.NullPointerException
	at automationFramework.TestCases.LinkAccountTest.setUp(LinkAccountTest.java:46)
... Removed 26 stack frames]]>
    </failure>
  </testcase> <!-- @BeforeMethod setUp -->
  <testcase name="@AfterMethod tearDown" time="0.0" classname="automationFramework.TestCases.LinkAccountTest">
    <skipped/>
  </testcase> <!-- @AfterMethod tearDown -->
  <testcase name="@BeforeMethod setUp" time="0.0" classname="automationFramework.TestCases.LinkAccountTest">
    <skipped/>
  </testcase> <!-- @BeforeMethod setUp -->
  <testcase name="@AfterMethod tearDown" time="0.0" classname="automationFramework.TestCases.LinkAccountTest">
    <skipped/>
  </testcase> <!-- @AfterMethod tearDown -->
  <testcase name="@BeforeMethod setUp" time="0.0" classname="automationFramework.TestCases.LinkAccountTest">
    <skipped/>
  </testcase> <!-- @BeforeMethod setUp -->
  <testcase name="@AfterMethod tearDown" time="0.0" classname="automationFramework.TestCases.LinkAccountTest">
    <skipped/>
  </testcase> <!-- @AfterMethod tearDown -->
  <testcase name="@BeforeMethod setUp" time="0.0" classname="automationFramework.TestCases.LinkAccountTest">
    <skipped/>
  </testcase> <!-- @BeforeMethod setUp -->
  <testcase name="@AfterMethod tearDown" time="0.0" classname="automationFramework.TestCases.LinkAccountTest">
    <skipped/>
  </testcase> <!-- @AfterMethod tearDown -->
  <testcase name="@BeforeMethod setUp" time="0.0" classname="automationFramework.TestCases.UpdateContactTest">
    <failure type="java.lang.NullPointerException">
      <![CDATA[java.lang.NullPointerException
	at automationFramework.TestCases.UpdateContactTest.setUp(UpdateContactTest.java:33)
... Removed 26 stack frames]]>
    </failure>
  </testcase> <!-- @BeforeMethod setUp -->
  <testcase name="@AfterMethod tearDown" time="0.0" classname="automationFramework.TestCases.UpdateContactTest">
    <skipped/>
  </testcase> <!-- @AfterMethod tearDown -->
  <testcase name="@BeforeMethod setUp" time="0.0" classname="automationFramework.TestCases.UpdateContactTest">
    <skipped/>
  </testcase> <!-- @BeforeMethod setUp -->
  <testcase name="@AfterMethod tearDown" time="0.0" classname="automationFramework.TestCases.UpdateContactTest">
    <skipped/>
  </testcase> <!-- @AfterMethod tearDown -->
  <testcase name="@BeforeMethod setUp" time="0.0" classname="automationFramework.TestCases.UpdateContactTest">
    <skipped/>
  </testcase> <!-- @BeforeMethod setUp -->
  <testcase name="@AfterMethod tearDown" time="0.0" classname="automationFramework.TestCases.UpdateContactTest">
    <skipped/>
  </testcase> <!-- @AfterMethod tearDown -->
  <testcase name="@BeforeMethod setUp" time="0.0" classname="automationFramework.TestCases.UpdateContactTest">
    <skipped/>
  </testcase> <!-- @BeforeMethod setUp -->
  <testcase name="@AfterMethod tearDown" time="0.0" classname="automationFramework.TestCases.UpdateContactTest">
    <skipped/>
  </testcase> <!-- @AfterMethod tearDown -->
  <testcase name="@BeforeMethod setUp" time="0.0" classname="automationFramework.TestCases.UpdateContactTest">
    <skipped/>
  </testcase> <!-- @BeforeMethod setUp -->
  <testcase name="@AfterMethod tearDown" time="0.0" classname="automationFramework.TestCases.UpdateContactTest">
    <skipped/>
  </testcase> <!-- @AfterMethod tearDown -->
  <testcase name="@BeforeMethod setUp" time="0.0" classname="automationFramework.TestCases.UpdateContactTest">
    <skipped/>
  </testcase> <!-- @BeforeMethod setUp -->
  <testcase name="@AfterMethod tearDown" time="0.0" classname="automationFramework.TestCases.UpdateContactTest">
    <skipped/>
  </testcase> <!-- @AfterMethod tearDown -->
  <testcase name="@BeforeMethod setUp" time="0.0" classname="automationFramework.TestCases.UpdateContactTest">
    <skipped/>
  </testcase> <!-- @BeforeMethod setUp -->
  <testcase name="@AfterMethod tearDown" time="0.0" classname="automationFramework.TestCases.UpdateContactTest">
    <skipped/>
  </testcase> <!-- @AfterMethod tearDown -->
  <testcase name="@BeforeMethod setUp" time="0.0" classname="automationFramework.TestCases.UpdateContactTest">
    <skipped/>
  </testcase> <!-- @BeforeMethod setUp -->
  <testcase name="@AfterMethod tearDown" time="0.0" classname="automationFramework.TestCases.UpdateContactTest">
    <skipped/>
  </testcase> <!-- @AfterMethod tearDown -->
  <testcase name="@BeforeMethod setUp" time="0.0" classname="automationFramework.TestCases.UpdateContactTest">
    <skipped/>
  </testcase> <!-- @BeforeMethod setUp -->
  <testcase name="@AfterMethod tearDown" time="0.0" classname="automationFramework.TestCases.UpdateContactTest">
    <skipped/>
  </testcase> <!-- @AfterMethod tearDown -->
  <testcase name="@BeforeMethod setUp" time="0.0" classname="automationFramework.TestCases.UpdateContactTest">
    <skipped/>
  </testcase> <!-- @BeforeMethod setUp -->
  <testcase name="@AfterMethod tearDown" time="0.0" classname="automationFramework.TestCases.UpdateContactTest">
    <skipped/>
  </testcase> <!-- @AfterMethod tearDown -->
  <testcase name="@BeforeMethod setUp" time="0.0" classname="automationFramework.TestCases.UpdateContactTest">
    <skipped/>
  </testcase> <!-- @BeforeMethod setUp -->
  <testcase name="@AfterMethod tearDown" time="0.0" classname="automationFramework.TestCases.UpdateContactTest">
    <skipped/>
  </testcase> <!-- @AfterMethod tearDown -->
  <testcase name="@BeforeMethod setUp" time="0.0" classname="automationFramework.TestCases.CreateOrderTest">
    <failure type="java.lang.NullPointerException">
      <![CDATA[java.lang.NullPointerException
	at automationFramework.TestCases.CreateOrderTest.setUp(CreateOrderTest.java:36)
... Removed 26 stack frames]]>
    </failure>
  </testcase> <!-- @BeforeMethod setUp -->
  <testcase name="@AfterMethod tearDown" time="0.0" classname="automationFramework.TestCases.CreateOrderTest">
    <skipped/>
  </testcase> <!-- @AfterMethod tearDown -->
  <testcase name="@BeforeMethod setUp" time="0.0" classname="automationFramework.TestCases.CreateUnregistredCustomerTest">
    <failure type="java.lang.NullPointerException">
      <![CDATA[java.lang.NullPointerException
	at automationFramework.TestCases.CreateUnregistredCustomerTest.setUp(CreateUnregistredCustomerTest.java:36)
... Removed 26 stack frames]]>
    </failure>
  </testcase> <!-- @BeforeMethod setUp -->
  <testcase name="@AfterMethod tearDown" time="0.0" classname="automationFramework.TestCases.CreateUnregistredCustomerTest">
    <skipped/>
  </testcase> <!-- @AfterMethod tearDown -->
  <testcase name="@BeforeMethod setUp" time="0.0" classname="automationFramework.TestCases.CreateOrderTest">
    <skipped/>
  </testcase> <!-- @BeforeMethod setUp -->
  <testcase name="@AfterMethod tearDown" time="0.0" classname="automationFramework.TestCases.CreateOrderTest">
    <skipped/>
  </testcase> <!-- @AfterMethod tearDown -->
  <testcase name="@BeforeMethod setUp" time="0.0" classname="automationFramework.TestCases.CreateUnregistredCustomerTest">
    <skipped/>
  </testcase> <!-- @BeforeMethod setUp -->
  <testcase name="@AfterMethod tearDown" time="0.0" classname="automationFramework.TestCases.CreateUnregistredCustomerTest">
    <skipped/>
  </testcase> <!-- @AfterMethod tearDown -->
  <testcase name="@BeforeMethod setUp" time="0.0" classname="automationFramework.TestCases.CreateOrderTest">
    <skipped/>
  </testcase> <!-- @BeforeMethod setUp -->
  <testcase name="@AfterMethod tearDown" time="0.0" classname="automationFramework.TestCases.CreateOrderTest">
    <skipped/>
  </testcase> <!-- @AfterMethod tearDown -->
  <testcase name="@BeforeMethod setUp" time="0.0" classname="automationFramework.TestCases.CreateUnregistredCustomerTest">
    <skipped/>
  </testcase> <!-- @BeforeMethod setUp -->
  <testcase name="@AfterMethod tearDown" time="0.0" classname="automationFramework.TestCases.CreateUnregistredCustomerTest">
    <skipped/>
  </testcase> <!-- @AfterMethod tearDown -->
  <testcase name="@BeforeMethod setUp" time="0.0" classname="automationFramework.TestCases.TravelHistoryTest">
    <failure type="java.lang.NullPointerException">
      <![CDATA[java.lang.NullPointerException
	at automationFramework.TestCases.TravelHistoryTest.setUp(TravelHistoryTest.java:42)
... Removed 26 stack frames]]>
    </failure>
  </testcase> <!-- @BeforeMethod setUp -->
  <testcase name="@AfterMethod tearDown" time="0.0" classname="automationFramework.TestCases.TravelHistoryTest">
    <skipped/>
  </testcase> <!-- @AfterMethod tearDown -->
  <testcase name="@BeforeMethod setUp" time="0.0" classname="automationFramework.TestCases.TokenSearchTest">
    <failure type="java.lang.NullPointerException">
      <![CDATA[java.lang.NullPointerException
	at automationFramework.TestCases.TokenSearchTest.setUp(TokenSearchTest.java:34)
... Removed 26 stack frames]]>
    </failure>
  </testcase> <!-- @BeforeMethod setUp -->
  <testcase name="@AfterMethod tearDown" time="0.0" classname="automationFramework.TestCases.TokenSearchTest">
    <skipped/>
  </testcase> <!-- @AfterMethod tearDown -->
  <testcase name="@BeforeMethod setUp" time="0.0" classname="automationFramework.TestCases.TokenSearchTest">
    <skipped/>
  </testcase> <!-- @BeforeMethod setUp -->
  <testcase name="@AfterMethod tearDown" time="0.0" classname="automationFramework.TestCases.TokenSearchTest">
    <skipped/>
  </testcase> <!-- @AfterMethod tearDown -->
  <testcase name="@BeforeMethod setUp" time="0.0" classname="automationFramework.TestCases.TokenSearchTest">
    <skipped/>
  </testcase> <!-- @BeforeMethod setUp -->
  <testcase name="@AfterMethod tearDown" time="0.0" classname="automationFramework.TestCases.TokenSearchTest">
    <skipped/>
  </testcase> <!-- @AfterMethod tearDown -->
  <testcase name="@BeforeMethod setUp" time="0.0" classname="automationFramework.TestCases.TokenSearchTest">
    <skipped/>
  </testcase> <!-- @BeforeMethod setUp -->
  <testcase name="@AfterMethod tearDown" time="0.0" classname="automationFramework.TestCases.TokenSearchTest">
    <skipped/>
  </testcase> <!-- @AfterMethod tearDown -->
  <testcase name="@BeforeMethod setUp" time="0.0" classname="automationFramework.TestCases.TokenSearchTest">
    <skipped/>
  </testcase> <!-- @BeforeMethod setUp -->
  <testcase name="@AfterMethod tearDown" time="0.0" classname="automationFramework.TestCases.TokenSearchTest">
    <skipped/>
  </testcase> <!-- @AfterMethod tearDown -->
  <testcase name="@BeforeMethod setUp" time="0.0" classname="automationFramework.TestCases.TokenSearchTest">
    <skipped/>
  </testcase> <!-- @BeforeMethod setUp -->
  <testcase name="@AfterMethod tearDown" time="0.0" classname="automationFramework.TestCases.TokenSearchTest">
    <skipped/>
  </testcase> <!-- @AfterMethod tearDown -->
  <testcase name="@BeforeMethod setUp" time="0.0" classname="automationFramework.TestCases.TokenSearchTest">
    <skipped/>
  </testcase> <!-- @BeforeMethod setUp -->
  <testcase name="@AfterMethod tearDown" time="0.0" classname="automationFramework.TestCases.TokenSearchTest">
    <skipped/>
  </testcase> <!-- @AfterMethod tearDown -->
  <testcase name="@BeforeMethod setUp" time="0.0" classname="automationFramework.TestCases.TokenSearchTest">
    <skipped/>
  </testcase> <!-- @BeforeMethod setUp -->
  <testcase name="@AfterMethod tearDown" time="0.0" classname="automationFramework.TestCases.TokenSearchTest">
    <skipped/>
  </testcase> <!-- @AfterMethod tearDown -->
  <testcase name="@BeforeMethod setUp" time="0.0" classname="automationFramework.TestCases.TokenSearchTest">
    <skipped/>
  </testcase> <!-- @BeforeMethod setUp -->
  <testcase name="@AfterMethod tearDown" time="0.0" classname="automationFramework.TestCases.TokenSearchTest">
    <skipped/>
  </testcase> <!-- @AfterMethod tearDown -->
  <testcase name="@BeforeMethod setUp" time="0.0" classname="automationFramework.TestCases.TokenSearchTest">
    <skipped/>
  </testcase> <!-- @BeforeMethod setUp -->
  <testcase name="@AfterMethod tearDown" time="0.0" classname="automationFramework.TestCases.TokenSearchTest">
    <skipped/>
  </testcase> <!-- @AfterMethod tearDown -->
  <testcase name="@BeforeMethod setUp" time="0.0" classname="automationFramework.TestCases.TokenSearchTest">
    <skipped/>
  </testcase> <!-- @BeforeMethod setUp -->
  <testcase name="@AfterMethod tearDown" time="0.0" classname="automationFramework.TestCases.TokenSearchTest">
    <skipped/>
  </testcase> <!-- @AfterMethod tearDown -->
  <testcase name="@BeforeMethod setUp" time="0.0" classname="automationFramework.TestCases.TokenSearchTest">
    <skipped/>
  </testcase> <!-- @BeforeMethod setUp -->
  <testcase name="@AfterMethod tearDown" time="0.0" classname="automationFramework.TestCases.TokenSearchTest">
    <skipped/>
  </testcase> <!-- @AfterMethod tearDown -->
  <testcase name="createNewCustomer" time="0.002" classname="automationFramework.TestCases.CreateCustomerTest">
    <skipped/>
  </testcase> <!-- createNewCustomer -->
  <testcase name="createNewCustomerDBCheckContactTable" time="0.001" classname="automationFramework.TestCases.CreateCustomerDBTest">
    <skipped/>
  </testcase> <!-- createNewCustomerDBCheckContactTable -->
  <testcase name="createCustomerCancel" time="0.002" classname="automationFramework.TestCases.CreateCustomerTest">
    <skipped/>
  </testcase> <!-- createCustomerCancel -->
  <testcase name="createNewCustomerDBCheckAccountTable" time="0.006" classname="automationFramework.TestCases.CreateCustomerDBTest">
    <skipped/>
  </testcase> <!-- createNewCustomerDBCheckAccountTable -->
  <testcase name="createCustomerContactTypeNotSelected" time="0.006" classname="automationFramework.TestCases.CreateCustomerTest">
    <skipped/>
  </testcase> <!-- createCustomerContactTypeNotSelected -->
  <testcase name="createNewCustomerDBCheckAddressTable" time="0.001" classname="automationFramework.TestCases.CreateCustomerDBTest">
    <skipped/>
  </testcase> <!-- createNewCustomerDBCheckAddressTable -->
  <testcase name="createCustomerInvalidEmail" time="0.001" classname="automationFramework.TestCases.CreateCustomerTest">
    <skipped/>
  </testcase> <!-- createCustomerInvalidEmail -->
  <testcase name="createNewCustomerDBCheckSecurityTable" time="0.002" classname="automationFramework.TestCases.CreateCustomerDBTest">
    <skipped/>
  </testcase> <!-- createNewCustomerDBCheckSecurityTable -->
  <testcase name="createCustomerInvalidPin" time="0.003" classname="automationFramework.TestCases.CreateCustomerTest">
    <skipped/>
  </testcase> <!-- createCustomerInvalidPin -->
  <testcase name="createNewCustomerDBCheckPhoneTable" time="0.003" classname="automationFramework.TestCases.CreateCustomerDBTest">
    <skipped/>
  </testcase> <!-- createNewCustomerDBCheckPhoneTable -->
  <testcase name="createCustomerInvalidUserName" time="0.002" classname="automationFramework.TestCases.CreateCustomerTest">
    <skipped/>
  </testcase> <!-- createCustomerInvalidUserName -->
  <testcase name="createNewCustomerCancelDBCheck" time="0.0" classname="automationFramework.TestCases.CreateCustomerDBTest">
    <skipped/>
  </testcase> <!-- createNewCustomerCancelDBCheck -->
  <testcase name="createCustomerDuplicateUserName" time="0.002" classname="automationFramework.TestCases.CreateCustomerTest">
    <skipped/>
  </testcase> <!-- createCustomerDuplicateUserName -->
  <testcase name="createCustomerInvalidPhone" time="0.001" classname="automationFramework.TestCases.CreateCustomerTest">
    <skipped/>
  </testcase> <!-- createCustomerInvalidPhone -->
  <testcase name="createCustomerNameMissing" time="0.001" classname="automationFramework.TestCases.CreateCustomerTest">
    <skipped/>
  </testcase> <!-- createCustomerNameMissing -->
  <testcase name="createCustomerEmailMissing" time="0.002" classname="automationFramework.TestCases.CreateCustomerTest">
    <skipped/>
  </testcase> <!-- createCustomerEmailMissing -->
  <testcase name="createCustomerInvalidPin2" time="0.002" classname="automationFramework.TestCases.CreateCustomerTest">
    <skipped/>
  </testcase> <!-- createCustomerInvalidPin2 -->
  <testcase name="createCustomerPostalCodeMissing" time="0.001" classname="automationFramework.TestCases.CreateCustomerTest">
    <skipped/>
  </testcase> <!-- createCustomerPostalCodeMissing -->
  <testcase name="searchCustomerVerifiedTest" time="0.002" classname="automationFramework.TestCases.SearchTest">
    <skipped/>
  </testcase> <!-- searchCustomerVerifiedTest -->
  <testcase name="checkEmailCreateOrder" time="0.0" classname="automationFramework.TestCases.EmailTest">
    <skipped/>
  </testcase> <!-- checkEmailCreateOrder -->
  <testcase name="searchCustomerNotVerifiedTest" time="0.001" classname="automationFramework.TestCases.SearchTest">
    <skipped/>
  </testcase> <!-- searchCustomerNotVerifiedTest -->
  <testcase name="searchCustomerNoResultsTest" time="0.001" classname="automationFramework.TestCases.SearchTest">
    <skipped/>
  </testcase> <!-- searchCustomerNoResultsTest -->
  <testcase name="searchCustomerTypeNotSelected" time="0.001" classname="automationFramework.TestCases.SearchTest">
    <skipped/>
  </testcase> <!-- searchCustomerTypeNotSelected -->
  <testcase name="searchCustomerInvalidEmail" time="0.0" classname="automationFramework.TestCases.SearchTest">
    <skipped/>
  </testcase> <!-- searchCustomerInvalidEmail -->
  <testcase name="searchCustomerCheckDuplicateTestFname" time="0.0" classname="automationFramework.TestCases.SearchTest">
    <skipped/>
  </testcase> <!-- searchCustomerCheckDuplicateTestFname -->
  <testcase name="searchCustomerCheckDuplicateTestLname" time="0.0" classname="automationFramework.TestCases.SearchTest">
    <skipped/>
  </testcase> <!-- searchCustomerCheckDuplicateTestLname -->
  <testcase name="searchCustomerCheckDuplicateTestFnameLname" time="0.001" classname="automationFramework.TestCases.SearchTest">
    <skipped/>
  </testcase> <!-- searchCustomerCheckDuplicateTestFnameLname -->
  <testcase name="searchCustomerCheckDuplicateTestPhone" time="0.001" classname="automationFramework.TestCases.SearchTest">
    <skipped/>
  </testcase> <!-- searchCustomerCheckDuplicateTestPhone -->
  <testcase name="searchCustomerCheckDuplicateTestEmail" time="0.0" classname="automationFramework.TestCases.SearchTest">
    <skipped/>
  </testcase> <!-- searchCustomerCheckDuplicateTestEmail -->
  <testcase name="searchCustomerCheckDuplicateTestEmailPhone" time="0.0" classname="automationFramework.TestCases.SearchTest">
    <skipped/>
  </testcase> <!-- searchCustomerCheckDuplicateTestEmailPhone -->
  <testcase name="searchCustomerCheckDuplicateTestAll" time="0.0" classname="automationFramework.TestCases.SearchTest">
    <skipped/>
  </testcase> <!-- searchCustomerCheckDuplicateTestAll -->
  <testcase name="searchNewSearchButton" time="0.0" classname="automationFramework.TestCases.SearchTest">
    <skipped/>
  </testcase> <!-- searchNewSearchButton -->
  <testcase name="searchCustomerAndCriteriaLastName" time="0.0" classname="automationFramework.TestCases.SearchTest">
    <skipped/>
  </testcase> <!-- searchCustomerAndCriteriaLastName -->
  <testcase name="searchCustomerAndCriteriaLastNameEmail" time="0.0" classname="automationFramework.TestCases.SearchTest">
    <skipped/>
  </testcase> <!-- searchCustomerAndCriteriaLastNameEmail -->
  <testcase name="searchCustomerVerifiedThreeInfoTest" time="0.0" classname="automationFramework.TestCases.SearchTest">
    <skipped/>
  </testcase> <!-- searchCustomerVerifiedThreeInfoTest -->
  <testcase name="searchCustomerNotVerifiedThreeInfoTest" time="0.0" classname="automationFramework.TestCases.SearchTest">
    <skipped/>
  </testcase> <!-- searchCustomerNotVerifiedThreeInfoTest -->
  <testcase name="searchCustomerClickNotVerified" time="0.001" classname="automationFramework.TestCases.SearchTest">
    <skipped/>
  </testcase> <!-- searchCustomerClickNotVerified -->
  <testcase name="createFundingSource" time="0.0" classname="automationFramework.TestCases.CreateFundingTest">
    <skipped/>
  </testcase> <!-- createFundingSource -->
  <testcase name="addNewAddress" time="0.0" classname="automationFramework.TestCases.UpdateAddressTest">
    <skipped/>
  </testcase> <!-- addNewAddress -->
  <testcase name="createFundingSourceNewBillingAddress" time="0.001" classname="automationFramework.TestCases.CreateFundingTest">
    <skipped/>
  </testcase> <!-- createFundingSourceNewBillingAddress -->
  <testcase name="addNewAddressCancel" time="0.0" classname="automationFramework.TestCases.UpdateAddressTest">
    <skipped/>
  </testcase> <!-- addNewAddressCancel -->
  <testcase name="createFundingSourceCancel" time="0.001" classname="automationFramework.TestCases.CreateFundingTest">
    <skipped/>
  </testcase> <!-- createFundingSourceCancel -->
  <testcase name="updateAddress" time="0.001" classname="automationFramework.TestCases.UpdateAddressTest">
    <skipped/>
  </testcase> <!-- updateAddress -->
  <testcase name="createFundingSourceTypeNotSelected" time="0.001" classname="automationFramework.TestCases.CreateFundingTest">
    <skipped/>
  </testcase> <!-- createFundingSourceTypeNotSelected -->
  <testcase name="updateAddressCancel" time="0.0" classname="automationFramework.TestCases.UpdateAddressTest">
    <skipped/>
  </testcase> <!-- updateAddressCancel -->
  <testcase name="createCustomerInvalidEmail" time="0.0" classname="automationFramework.TestCases.CreateFundingTest">
    <skipped/>
  </testcase> <!-- createCustomerInvalidEmail -->
  <testcase name="addNewAddressCheckRequiredFields" time="0.0" classname="automationFramework.TestCases.UpdateAddressTest">
    <skipped/>
  </testcase> <!-- addNewAddressCheckRequiredFields -->
  <testcase name="createCustomerFundingInvalidCC" time="0.003" classname="automationFramework.TestCases.CreateFundingTest">
    <skipped/>
  </testcase> <!-- createCustomerFundingInvalidCC -->
  <testcase name="addNewAddressInvalidData" time="0.001" classname="automationFramework.TestCases.UpdateAddressTest">
    <skipped/>
  </testcase> <!-- addNewAddressInvalidData -->
  <testcase name="createCustomerFundingInvalidName" time="0.001" classname="automationFramework.TestCases.CreateFundingTest">
    <skipped/>
  </testcase> <!-- createCustomerFundingInvalidName -->
  <testcase name="createFundingSourceInvalidPanTooLong" time="0.0" classname="automationFramework.TestCases.CreateFundingTest">
    <skipped/>
  </testcase> <!-- createFundingSourceInvalidPanTooLong -->
  <testcase name="createFundingSourceInvalidCCType" time="0.002" classname="automationFramework.TestCases.CreateFundingTest">
    <skipped/>
  </testcase> <!-- createFundingSourceInvalidCCType -->
  <testcase name="createFundingSourceInvalidExpirationDate" time="0.001" classname="automationFramework.TestCases.CreateFundingTest">
    <skipped/>
  </testcase> <!-- createFundingSourceInvalidExpirationDate -->
  <testcase name="createFundingSourceTwoCards" time="0.001" classname="automationFramework.TestCases.CreateFundingTest">
    <skipped/>
  </testcase> <!-- createFundingSourceTwoCards -->
  <testcase name="createFundingSourceChangePrimaryCard" time="0.0" classname="automationFramework.TestCases.CreateFundingTest">
    <skipped/>
  </testcase> <!-- createFundingSourceChangePrimaryCard -->
  <testcase name="linkAccountBankAccountMissingTest" time="0.0" classname="automationFramework.TestCases.LinkAccountTest">
    <skipped/>
  </testcase> <!-- linkAccountBankAccountMissingTest -->
  <testcase name="linkAccountCancelTest" time="0.0" classname="automationFramework.TestCases.LinkAccountTest">
    <skipped/>
  </testcase> <!-- linkAccountCancelTest -->
  <testcase name="linkAccountCardExpirationMissingTest" time="0.001" classname="automationFramework.TestCases.LinkAccountTest">
    <skipped/>
  </testcase> <!-- linkAccountCardExpirationMissingTest -->
  <testcase name="linkAccountLinkFailureTest" time="0.0" classname="automationFramework.TestCases.LinkAccountTest">
    <skipped/>
  </testcase> <!-- linkAccountLinkFailureTest -->
  <testcase name="updateContact" time="0.0" classname="automationFramework.TestCases.UpdateContactTest">
    <skipped/>
  </testcase> <!-- updateContact -->
  <testcase name="updateContactCancel" time="0.0" classname="automationFramework.TestCases.UpdateContactTest">
    <skipped/>
  </testcase> <!-- updateContactCancel -->
  <testcase name="updateContactAndAddress" time="0.0" classname="automationFramework.TestCases.UpdateContactTest">
    <skipped/>
  </testcase> <!-- updateContactAndAddress -->
  <testcase name="updateContactAndAddressCancel" time="0.001" classname="automationFramework.TestCases.UpdateContactTest">
    <skipped/>
  </testcase> <!-- updateContactAndAddressCancel -->
  <testcase name="updateContactCheckRequiredFields" time="0.0" classname="automationFramework.TestCases.UpdateContactTest">
    <skipped/>
  </testcase> <!-- updateContactCheckRequiredFields -->
  <testcase name="updateContactInvalidPhone" time="0.0" classname="automationFramework.TestCases.UpdateContactTest">
    <skipped/>
  </testcase> <!-- updateContactInvalidPhone -->
  <testcase name="updateContactInvalidEmail" time="0.0" classname="automationFramework.TestCases.UpdateContactTest">
    <skipped/>
  </testcase> <!-- updateContactInvalidEmail -->
  <testcase name="updateContactInvalidUserName" time="0.0" classname="automationFramework.TestCases.UpdateContactTest">
    <skipped/>
  </testcase> <!-- updateContactInvalidUserName -->
  <testcase name="updateContactInvalidPin" time="0.001" classname="automationFramework.TestCases.UpdateContactTest">
    <skipped/>
  </testcase> <!-- updateContactInvalidPin -->
  <testcase name="updateContactSecurityAnswermissing" time="0.0" classname="automationFramework.TestCases.UpdateContactTest">
    <skipped/>
  </testcase> <!-- updateContactSecurityAnswermissing -->
  <testcase name="updateContactOtherPhonesMissing" time="0.0" classname="automationFramework.TestCases.UpdateContactTest">
    <skipped/>
  </testcase> <!-- updateContactOtherPhonesMissing -->
  <testcase name="createOrderSubmit" time="0.001" classname="automationFramework.TestCases.CreateOrderTest">
    <skipped/>
  </testcase> <!-- createOrderSubmit -->
  <testcase name="registerNewCustomerNoRecordFound" time="0.0" classname="automationFramework.TestCases.CreateUnregistredCustomerTest">
    <skipped/>
  </testcase> <!-- registerNewCustomerNoRecordFound -->
  <testcase name="createOrderExpiredCard" time="0.002" classname="automationFramework.TestCases.CreateOrderTest">
    <skipped/>
  </testcase> <!-- createOrderExpiredCard -->
  <testcase name="registerNewCustomerTranistTokenFound" time="0.0" classname="automationFramework.TestCases.CreateUnregistredCustomerTest">
    <skipped/>
  </testcase> <!-- registerNewCustomerTranistTokenFound -->
  <testcase name="createOrderCancel" time="0.001" classname="automationFramework.TestCases.CreateOrderTest">
    <skipped/>
  </testcase> <!-- createOrderCancel -->
  <testcase name="registerNewCustomerInvalidToken" time="0.0" classname="automationFramework.TestCases.CreateUnregistredCustomerTest">
    <skipped/>
  </testcase> <!-- registerNewCustomerInvalidToken -->
  <testcase name="checkTravelHistory" time="0.0" classname="automationFramework.TestCases.TravelHistoryTest">
    <skipped/>
  </testcase> <!-- checkTravelHistory -->
  <testcase name="searchTokenInvalidMonth" time="0.0" classname="automationFramework.TestCases.TokenSearchTest">
    <skipped/>
  </testcase> <!-- searchTokenInvalidMonth -->
  <testcase name="searchTokenInvalidYear" time="0.001" classname="automationFramework.TestCases.TokenSearchTest">
    <skipped/>
  </testcase> <!-- searchTokenInvalidYear -->
  <testcase name="searchTokenMissingBankCard" time="0.0" classname="automationFramework.TestCases.TokenSearchTest">
    <skipped/>
  </testcase> <!-- searchTokenMissingBankCard -->
  <testcase name="searchTokenNewSearch" time="0.0" classname="automationFramework.TestCases.TokenSearchTest">
    <skipped/>
  </testcase> <!-- searchTokenNewSearch -->
  <testcase name="searchTokenNoRecordFound" time="0.0" classname="automationFramework.TestCases.TokenSearchTest">
    <skipped/>
  </testcase> <!-- searchTokenNoRecordFound -->
  <testcase name="searchTokenNoRecordFoundNewSearch" time="0.001" classname="automationFramework.TestCases.TokenSearchTest">
    <skipped/>
  </testcase> <!-- searchTokenNoRecordFoundNewSearch -->
  <testcase name="searchTokenInvalidTokenSearch" time="0.0" classname="automationFramework.TestCases.TokenSearchTest">
    <skipped/>
  </testcase> <!-- searchTokenInvalidTokenSearch -->
  <testcase name="searchTokenInvalidTokenNewSearch" time="0.001" classname="automationFramework.TestCases.TokenSearchTest">
    <skipped/>
  </testcase> <!-- searchTokenInvalidTokenNewSearch -->
  <testcase name="searchUnregistredCustomer" time="0.0" classname="automationFramework.TestCases.TokenSearchTest">
    <skipped/>
  </testcase> <!-- searchUnregistredCustomer -->
  <testcase name="searchRegistredCustomer" time="0.0" classname="automationFramework.TestCases.TokenSearchTest">
    <skipped/>
  </testcase> <!-- searchRegistredCustomer -->
  <testcase name="searchRegistredCustomerVerifiedThreeInfo" time="0.001" classname="automationFramework.TestCases.TokenSearchTest">
    <skipped/>
  </testcase> <!-- searchRegistredCustomerVerifiedThreeInfo -->
  <testcase name="viewRegistredCustomerSubsystemPage" time="0.0" classname="automationFramework.TestCases.TokenSearchTest">
    <skipped/>
  </testcase> <!-- viewRegistredCustomerSubsystemPage -->
</testsuite> <!-- FirefoxTest -->
