<?xml version="1.0" encoding="UTF-8"?>
<!-- Generated by org.testng.reporters.JUnitReportReporter -->
<testsuite hostname="NACTS-081729" name="automationFramework.TestCases.UpdateAddressTest" tests="6" failures="0" timestamp="5 Jan 2017 01:15:05 GMT" time="388.867" errors="1">
  <testcase name="addNewAddressCheckRequiredFields" time="37.173" classname="automationFramework.TestCases.UpdateAddressTest"/>
  <testcase name="updateAddress" time="34.520" classname="automationFramework.TestCases.UpdateAddressTest"/>
  <testcase name="updateAddressCancel" time="34.886" classname="automationFramework.TestCases.UpdateAddressTest"/>
  <testcase name="addNewAddressCancel" time="214.895" classname="automationFramework.TestCases.UpdateAddressTest"/>
  <testcase name="addNewAddressInvalidData" time="35.705" classname="automationFramework.TestCases.UpdateAddressTest"/>
  <testcase name="addNewAddress" time="31.688" classname="automationFramework.TestCases.UpdateAddressTest">
    <error type="java.lang.AssertionError" message="expected [200 market] but found [100 broadway]">
      <![CDATA[java.lang.AssertionError: expected [200 market] but found [100 broadway]
	at org.testng.Assert.fail(Assert.java:94)
	at org.testng.Assert.failNotEquals(Assert.java:494)
	at org.testng.Assert.assertEquals(Assert.java:123)
	at org.testng.Assert.assertEquals(Assert.java:176)
	at org.testng.Assert.assertEquals(Assert.java:186)
	at automationFramework.TestCases.UpdateAddressTest.addNewAddress(UpdateAddressTest.java:74)
	at sun.reflect.NativeMethodAccessorImpl.invoke0(Native Method)
	at sun.reflect.NativeMethodAccessorImpl.invoke(Unknown Source)
	at sun.reflect.DelegatingMethodAccessorImpl.invoke(Unknown Source)
	at java.lang.reflect.Method.invoke(Unknown Source)
	at org.testng.internal.MethodInvocationHelper.invokeMethod(MethodInvocationHelper.java:80)
	at org.testng.internal.Invoker.invokeMethod(Invoker.java:714)
	at org.testng.internal.Invoker.invokeTestMethod(Invoker.java:901)
	at org.testng.internal.Invoker.invokeTestMethods(Invoker.java:1231)
	at org.testng.internal.TestMethodWorker.invokeTestMethods(TestMethodWorker.java:127)
	at org.testng.internal.TestMethodWorker.run(TestMethodWorker.java:111)
	at org.testng.TestRunner.privateRun(TestRunner.java:767)
	at org.testng.TestRunner.run(TestRunner.java:617)
	at org.testng.SuiteRunner.runTest(SuiteRunner.java:334)
	at org.testng.SuiteRunner.runSequentially(SuiteRunner.java:329)
	at org.testng.SuiteRunner.privateRun(SuiteRunner.java:291)
	at org.testng.SuiteRunner.run(SuiteRunner.java:240)
	at org.testng.SuiteRunnerWorker.runSuite(SuiteRunnerWorker.java:52)
	at org.testng.SuiteRunnerWorker.run(SuiteRunnerWorker.java:86)
	at org.testng.TestNG.runSuitesSequentially(TestNG.java:1198)
	at org.testng.TestNG.runSuitesLocally(TestNG.java:1123)
	at org.testng.TestNG.run(TestNG.java:1031)
	at org.testng.remote.AbstractRemoteTestNG.run(AbstractRemoteTestNG.java:126)
	at org.testng.remote.RemoteTestNG.initAndRun(RemoteTestNG.java:137)
	at org.testng.remote.RemoteTestNG.main(RemoteTestNG.java:58)
]]>
    </error>
  </testcase> <!-- addNewAddress -->
</testsuite> <!-- automationFramework.TestCases.UpdateAddressTest -->
